Started GET "/" for ::1 at 2020-02-07 16:14:35 +0200
  [1m[35m (5.8ms)[0m  [1m[34mSELECT sqlite_version(*)[0m
Processing by Rails::WelcomeController#index as HTML
  Rendering C:/Ruby/lib/ruby/gems/2.6.0/gems/railties-6.0.2.1/lib/rails/templates/rails/welcome/index.html.erb
  Rendered C:/Ruby/lib/ruby/gems/2.6.0/gems/railties-6.0.2.1/lib/rails/templates/rails/welcome/index.html.erb (Duration: 7.8ms | Allocations: 416)
Completed 200 OK in 33ms (Views: 16.6ms | ActiveRecord: 0.0ms | Allocations: 2334)


Started GET "/" for ::1 at 2020-02-07 16:25:09 +0200
  [1m[35m (0.1ms)[0m  [1m[34mSELECT sqlite_version(*)[0m
Processing by WelcomeController#index as HTML
  Rendering welcome/index.html.erb within layouts/application
  Rendered welcome/index.html.erb within layouts/application (Duration: 0.5ms | Allocations: 83)
[Webpacker] Compiling...
[Webpacker] Compiled all packs in C:/assignment/shoppe/webapp/public/packs
[Webpacker] Hash: 32e57f147dbdcbbf0c82
Version: webpack 4.41.5
Time: 2032ms
Built at: 02/07/2020 4:25:14 PM
                                     Asset       Size       Chunks                         Chunk Names
    js/application-bbe9c4a129ab949e0636.js    124 KiB  application  [emitted] [immutable]  application
js/application-bbe9c4a129ab949e0636.js.map    139 KiB  application  [emitted] [dev]        application
                             manifest.json  364 bytes               [emitted]              
Entrypoint application = js/application-bbe9c4a129ab949e0636.js js/application-bbe9c4a129ab949e0636.js.map
[./app/javascript/channels sync recursive _channel\.js$] ./app/javascript/channels sync _channel\.js$ 160 bytes {application} [built]
[./app/javascript/channels/index.js] 211 bytes {application} [built]
[./app/javascript/packs/application.js] 749 bytes {application} [built]
[./node_modules/webpack/buildin/module.js] (webpack)/buildin/module.js 552 bytes {application} [built]
    + 3 hidden modules

Completed 200 OK in 5406ms (Views: 5404.6ms | ActiveRecord: 0.0ms | Allocations: 20556)


Started GET "/" for ::1 at 2020-02-07 16:25:55 +0200
  [1m[35m (0.1ms)[0m  [1m[34mSELECT sqlite_version(*)[0m
Processing by WelcomeController#index as HTML
  Rendering welcome/index.html.erb within layouts/application
  Rendered welcome/index.html.erb within layouts/application (Duration: 0.0ms | Allocations: 4)
[Webpacker] Everything's up-to-date. Nothing to do
Completed 200 OK in 41ms (Views: 39.6ms | ActiveRecord: 0.0ms | Allocations: 4418)


Started GET "/" for ::1 at 2020-02-07 17:19:42 +0200
  [1m[35m (0.1ms)[0m  [1m[34mSELECT sqlite_version(*)[0m
Processing by WelcomeController#index as HTML
  Rendering welcome/index.html.erb within layouts/application
  Rendered welcome/index.html.erb within layouts/application (Duration: 0.1ms | Allocations: 5)
[Webpacker] Everything's up-to-date. Nothing to do
Completed 200 OK in 46ms (Views: 44.2ms | ActiveRecord: 0.0ms | Allocations: 4331)


